<?xml version="1.0" encoding="utf-8" ?>
<configuration>
    <app-name>NCMSTEST</app-name>
    <environment>test</environment>
    <logging-ref>logging.xml</logging-ref>
    <newtmp-cleanup-on-exit>true</newtmp-cleanup-on-exit>
    <server-name>127.0.0.1</server-name>
    <server-port>8282</server-port>
    <site>
        <root>http://127.0.0.1:8282</root>
        <preferRequestUrl>true</preferRequestUrl>
    </site>
    <app-prefix>/</app-prefix>
    <force-default-locale-for-requests>true</force-default-locale-for-requests>

    <security>
        <shiro-config-locations>classpath:com/softmotions/ncms/ui/cfg/shiro.test.ini</shiro-config-locations>
        <dbJVMName>WSUserDatabase</dbJVMName>
        <web-access-control-allow>*</web-access-control-allow>
    </security>

    <asm>
        <site-files-root>/site</site-files-root>
    </asm>

    <pages>
        <lru-cache-size>1024</lru-cache-size>
        <lru-aliases-cache-size>1024</lru-aliases-cache-size>
    </pages>

    <dir-web-resources>
        <resource>
            <dir>{sys:qx.root.dir}</dir>
            <mount>/adm</mount>
        </resource>
    </dir-web-resources>

    <cache-headers-groups>
        <cache-group>
            <nocache>true</nocache>
            <patterns>/*</patterns>
        </cache-group>
    </cache-headers-groups>

    <mybatis>
        <dbenv>{sys:JDBC.env}</dbenv>
        <bindDatasource>true</bindDatasource>
        <config>com/softmotions/ncms/db/mybatis-config.xml</config>
        {sys:JDBC.propsFile}
        <extra-properties>
            JDBC.url={sys:JDBC.url}
            JDBC.driver={sys:JDBC.driver}
        </extra-properties>
    </mybatis>

    <liquibase>
        <changelog>com/softmotions/ncms/db/changelog/db-changelog-master.xml</changelog>
        <update>
            <dropAll>
                <sql-before failOnError="false">
                    DROP INDEX IDX_L_ASMS_HNAME;
                    DROP INDEX IDX_L_ASMS_NAMEDESC;
                </sql-before>
                <activate>{sys:liquibase.dropAll}</activate>
            </dropAll>
            <contexts>testing</contexts>
        </update>
    </liquibase>

    <media>
        <basedir>{newtmp}/media</basedir>
        <max-upload-size>31457280</max-upload-size>
        <max-upload-inmemory-size>1048576</max-upload-inmemory-size>
        <meta-lrucache-size>1024</meta-lrucache-size>
        <thumbnails-width>250</thumbnails-width>
        <resize-default-format>jpeg</resize-default-format>
        <max-edit-text-size>1048576</max-edit-text-size>
        <import>
            <directory>${project.basedir}/src/main/webapp</directory>
            <target>site</target>
            <watch>true</watch>
            <overwrite>false</overwrite>
            <system>true</system>
            <includes>
                <include>**/*</include>
            </includes>
            <excludes>
                <exclude>META-INF/**</exclude>
                <exclude>WEB-INF/**</exclude>
                <exclude>scss*/**</exclude>
            </excludes>
        </import>
    </media>

    <httl extensions="*,httl,html">
    </httl>

    <ui>
        <navigation-selectors>
            <widget qxClass="ncms.pgs.PagesNav" roles="user"/>
            <widget qxClass="ncms.news.NewsNav" roles="user"/>
            <widget qxClass="ncms.mmgr.MediaNav" roles="user"/>
            <widget qxClass="ncms.asm.AsmNav" roles="admin.asm"/>
            <widget qxClass="ncms.mtt.MttNav" roles="mtt" extra="true"/>
            <widget qxClass="ncms.mtt.tp.MttTpNav" roles="mtt" extra="true"/>
            <widget qxClass="ncms.usr.UsersNav" roles="admin.users" extra="true"/>
        </navigation-selectors>
    </ui>

    <mediawiki>
        <max-inline-image-width-px>900</max-inline-image-width-px>
        <tags>
            <tag name="note" class="com.softmotions.ncms.mediawiki.NoteTag"/>
            <tag name="gmap" class="com.softmotions.ncms.mediawiki.GMapTag"/>
            <tag name="youtube" class="com.softmotions.ncms.mediawiki.YoutubeTag"/>
            <tag name="tree" class="com.softmotions.ncms.mediawiki.TreeTag"/>
            <tag name="slideshare" class="com.softmotions.ncms.mediawiki.SlideSharePresentationTag"/>
            <tag name="extimg" class="com.softmotions.ncms.mediawiki.ExternalImageTag"/>
            <tag name="vimeo" class="com.softmotions.ncms.mediawiki.VimeoTag"/>
            <tag name="ind" class="com.softmotions.ncms.mediawiki.IndentTag"/>
        </tags>
        <interwiki-links>
            <!--<link key="page" value="/asm/${title}"/>-->
        </interwiki-links>
    </mediawiki>

    <modules>
    </modules>
</configuration>